<?xml version="1.0" encoding="UTF-8"?>
<!-- Generated by org.testng.reporters.JUnitReportReporter -->
<testsuite skipped="0" hostname="Mds-MacBook-Pro.local" name="tests.TestSigninFeature" tests="7" failures="0" timestamp="25 Dec 2017 20:17:54 GMT" time="16.038" errors="0">
  <testcase name="testSignInWithValidEmailEmptyPassword" time="1.283" classname="tests.TestSigninFeature"/>
  <testcase name="testSignInWithoutCredentials" time="1.423" classname="tests.TestSigninFeature"/>
  <testcase name="testSignInWithInvalidEmailPassword" time="1.677" classname="tests.TestSigninFeature"/>
  <testcase name="testSignInWithInvalidEmailValidPassword" time="2.563" classname="tests.TestSigninFeature"/>
  <testcase name="testSignInWithEmptyEmailValidPassword" time="4.391" classname="tests.TestSigninFeature"/>
  <testcase name="testSignInWithValidCredentials" time="3.528" classname="tests.TestSigninFeature"/>
  <testcase name="testSignInWithValidEmailInvalidPassword" time="1.173" classname="tests.TestSigninFeature"/>
</testsuite> <!-- tests.TestSigninFeature -->
