<?xml version="1.0" encoding="UTF-8"?>
<!-- Generated by org.testng.reporters.JUnitReportReporter -->
<testsuite skipped="0" hostname="Mds-MacBook-Pro.local" name="tests.TestAdminPanelFeature" tests="1" failures="0" timestamp="02 Dec 2017 18:47:20 GMT" time="0.828" errors="0">
  <testcase name="testRandomlySelectAdmin" time="0.828" classname="tests.TestAdminPanelFeature"/>
</testsuite> <!-- tests.TestAdminPanelFeature -->
