<?xml version="1.0" encoding="UTF-8"?>
<!-- Generated by org.testng.reporters.JUnitReportReporter -->
<testsuite skipped="0" hostname="Mds-MacBook-Pro.local" name="tests.TestExpiredJobsFeature" tests="1" failures="0" timestamp="02 Dec 2017 09:14:53 GMT" time="0.383" errors="0">
  <testcase name="testExpiredJobsSearch" time="0.383" classname="tests.TestExpiredJobsFeature"/>
</testsuite> <!-- tests.TestExpiredJobsFeature -->
