<?xml version="1.0" encoding="UTF-8"?>
<!-- Generated by org.testng.reporters.JUnitReportReporter -->
<testsuite skipped="0" hostname="Mds-MacBook-Pro.local" name="tests.TestCurrentJobFeature" tests="1" failures="0" timestamp="02 Dec 2017 09:46:33 GMT" time="0.833" errors="0">
  <testcase name="testClickOnManageApplicationPage" time="0.833" classname="tests.TestCurrentJobFeature"/>
</testsuite> <!-- tests.TestCurrentJobFeature -->
