<?xml version="1.0" encoding="UTF-8"?>
<!-- Generated by org.testng.reporters.JUnitReportReporter -->
<testsuite skipped="0" hostname="Mds-MacBook-Pro.local" name="tests.TestJobSearchFeature" tests="1" failures="0" timestamp="21 Nov 2017 10:13:54 GMT" time="2.591" errors="0">
  <testcase name="testJobCategorySearchResultCount" time="2.591" classname="tests.TestJobSearchFeature"/>
</testsuite> <!-- tests.TestJobSearchFeature -->
